Using pre-set license
Built from '2020.3/staging' branch; Version is '2020.3.16f1 (049d6eca3c44) revision 302446'; Using compiler version '192528614'; Build Type 'Release'
OS: 'Windows 10 Pro; OS build 19042.1165; Version 2009; 64bit' Language: 'en' Physical Memory: 32715 MB
BatchMode: 1, IsHumanControllingUs: 0, StartBugReporterOnCrash: 0, Is64bit: 1, IsPro: 0

 COMMAND LINE ARGUMENTS:
D:\Program Files\Unity\2020.3.16f1\Editor\Unity.exe
-adb2
-batchMode
-noUpm
-name
AssetImportWorker0
-projectPath
E:/Game Development/Projects/ProjectWildForge/ProjectWildForgeDevelop
-logFile
Logs/AssetImportWorker0.log
-srvPort
55435
Successfully changed project path to: E:/Game Development/Projects/ProjectWildForge/ProjectWildForgeDevelop
E:/Game Development/Projects/ProjectWildForge/ProjectWildForgeDevelop
Using Asset Import Pipeline V2.
Refreshing native plugins compatible for Editor in 104.11 ms, found 4 plugins.
Preloading 0 native plugins for Editor in 0.00 ms.
Initialize engine version: 2020.3.16f1 (049d6eca3c44)
[Subsystems] Discovering subsystems at path D:/Program Files/Unity/2020.3.16f1/Editor/Data/Resources/UnitySubsystems
[Subsystems] Discovering subsystems at path E:/Game Development/Projects/ProjectWildForge/ProjectWildForgeDevelop/Assets
GfxDevice: creating device client; threaded=0
Direct3D:
    Version:  Direct3D 11.0 [level 11.1]
    Renderer: NVIDIA GeForce RTX 2080 Ti (ID=0x1e07)
    Vendor:   
    VRAM:     11048 MB
    Driver:   30.0.14.7168
Shader 'Universal Render Pipeline/Particles/Lit': fallback shader 'Universal Render Pipeline/Particles/SimpleLit' not found
Initialize mono
Mono path[0] = 'D:/Program Files/Unity/2020.3.16f1/Editor/Data/Managed'
Mono path[1] = 'D:/Program Files/Unity/2020.3.16f1/Editor/Data/MonoBleedingEdge/lib/mono/unityjit'
Mono config path = 'D:/Program Files/Unity/2020.3.16f1/Editor/Data/MonoBleedingEdge/etc'
Using monoOptions --debugger-agent=transport=dt_socket,embedding=1,server=y,suspend=n,address=127.0.0.1:56584
Begin MonoManager ReloadAssembly
Registering precompiled unity dll's ...
Register platform support module: D:/Program Files/Unity/2020.3.16f1/Editor/Data/PlaybackEngines/WebGLSupport/UnityEditor.WebGL.Extensions.dll
Register platform support module: D:/Program Files/Unity/2020.3.16f1/Editor/Data/PlaybackEngines/WindowsStandaloneSupport/UnityEditor.WindowsStandalone.Extensions.dll
Registered in 0.001767 seconds.
Native extension for WindowsStandalone target not found
Native extension for WebGL target not found
Refreshing native plugins compatible for Editor in 80.77 ms, found 4 plugins.
Preloading 0 native plugins for Editor in 0.00 ms.
Mono: successfully reloaded assembly
- Completed reload, in  2.259 seconds
Domain Reload Profiling:
	ReloadAssembly (2259ms)
		BeginReloadAssembly (60ms)
			ExecutionOrderSort (0ms)
			DisableScriptedObjects (0ms)
			BackupInstance (0ms)
			ReleaseScriptingObjects (0ms)
			CreateAndSetChildDomain (1ms)
		EndReloadAssembly (401ms)
			LoadAssemblies (60ms)
			RebuildTransferFunctionScriptingTraits (0ms)
			SetupTypeCache (128ms)
			ReleaseScriptCaches (0ms)
			RebuildScriptCaches (25ms)
			SetupLoadedEditorAssemblies (183ms)
				LogAssemblyErrors (0ms)
				InitializePlatformSupportModulesInManaged (4ms)
				SetLoadedEditorAssemblies (0ms)
				RefreshPlugins (81ms)
				BeforeProcessingInitializeOnLoad (14ms)
				ProcessInitializeOnLoadAttributes (63ms)
				ProcessInitializeOnLoadMethodAttributes (21ms)
				AfterProcessingInitializeOnLoad (0ms)
				EditorAssembliesLoaded (0ms)
			ExecutionOrderSort2 (0ms)
			AwakeInstancesAfterBackupRestoration (0ms)
Platform modules already initialized, skipping
Registering precompiled user dll's ...
Registered in 0.020856 seconds.
Begin MonoManager ReloadAssembly
Native extension for WindowsStandalone target not found
Native extension for WebGL target not found
Refreshing native plugins compatible for Editor in 81.64 ms, found 4 plugins.
Preloading 0 native plugins for Editor in 0.00 ms.
Mono: successfully reloaded assembly
- Completed reload, in  1.219 seconds
Domain Reload Profiling:
	ReloadAssembly (1220ms)
		BeginReloadAssembly (135ms)
			ExecutionOrderSort (0ms)
			DisableScriptedObjects (4ms)
			BackupInstance (0ms)
			ReleaseScriptingObjects (0ms)
			CreateAndSetChildDomain (15ms)
		EndReloadAssembly (1026ms)
			LoadAssemblies (119ms)
			RebuildTransferFunctionScriptingTraits (0ms)
			SetupTypeCache (331ms)
			ReleaseScriptCaches (1ms)
			RebuildScriptCaches (51ms)
			SetupLoadedEditorAssemblies (419ms)
				LogAssemblyErrors (0ms)
				InitializePlatformSupportModulesInManaged (4ms)
				SetLoadedEditorAssemblies (0ms)
				RefreshPlugins (82ms)
				BeforeProcessingInitializeOnLoad (112ms)
				ProcessInitializeOnLoadAttributes (189ms)
				ProcessInitializeOnLoadMethodAttributes (29ms)
				AfterProcessingInitializeOnLoad (3ms)
				EditorAssembliesLoaded (0ms)
			ExecutionOrderSort2 (0ms)
			AwakeInstancesAfterBackupRestoration (5ms)
Platform modules already initialized, skipping
========================================================================
Worker process is ready to serve import requests
Shader 'Universal Render Pipeline/Particles/Lit': fallback shader 'Universal Render Pipeline/Particles/SimpleLit' not found
Launched and connected shader compiler UnityShaderCompiler.exe after 0.09 seconds
Refreshing native plugins compatible for Editor in 1.07 ms, found 4 plugins.
Preloading 0 native plugins for Editor in 0.00 ms.
Unloading 3922 Unused Serialized files (Serialized files now loaded: 0)
System memory in use before: 162.8 MB.
System memory in use after: 163.0 MB.

Unloading 81 unused Assets to reduce memory usage. Loaded Objects now: 4345.
Total: 6.255100 ms (FindLiveObjects: 0.371800 ms CreateObjectMapping: 0.104800 ms MarkObjects: 5.681300 ms  DeleteObjects: 0.096100 ms)

AssetImportParameters requested are different than current active one (requested -> active):
  custom:framework-win-MediaFoundation: 216162199b28c13a410421893ffa2e32 -> 
  custom:video-decoder-ogg-theora: a1e56fd34408186e4bbccfd4996cb3dc -> 
  custom:container-muxer-webm: aa71ff27fc2769a1b78a27578f13a17b -> 
  custom:container-demuxer-webm: 4f35f7cbe854078d1ac9338744f61a02 -> 
  custom:container-demuxer-ogg: 62fdf1f143b41e24485cea50d1cbac27 -> 
  custom:video-encoder-webm-vp8: eb34c28f22e8b96e1ab97ce403110664 -> 
  custom:video-decoder-webm-vp8: 9c59270c3fd7afecdb556c50c9e8de78 -> 
  custom:audio-decoder-ogg-vorbis: bf7c407c2cedff20999df2af8eb42d56 -> 
  custom:audio-encoder-webm-vorbis: bf7c407c2cedff20999df2af8eb42d56 -> 
========================================================================
Received Import Request.
  path: Assets/Resources/Prefabs/ErrorCount.prefab
  artifactKey: Guid(18fcccbea0ad8bf45a2080a7e4630cdd) Importer(815301076,1909f56bfc062723c751e8b465ee728b)
Start importing Assets/Resources/Prefabs/ErrorCount.prefab using Guid(18fcccbea0ad8bf45a2080a7e4630cdd) Importer(815301076,1909f56bfc062723c751e8b465ee728b)  -> (artifact id: '95ace200092bce833d6015c50cf0bc2a') in 0.045984 seconds 
  Import took 0.051229 seconds .

========================================================================
Received Import Request.
  Time since last request: 0.000142 seconds.
  path: Assets/Resources/Sprites/Actors/Elf_M_Front.png
  artifactKey: Guid(de32b1f577c5ed54fa1410c6ab10d0a9) Importer(815301076,1909f56bfc062723c751e8b465ee728b)
Start importing Assets/Resources/Sprites/Actors/Elf_M_Front.png using Guid(de32b1f577c5ed54fa1410c6ab10d0a9) Importer(815301076,1909f56bfc062723c751e8b465ee728b)  -> (artifact id: '575768a832f5a4f2d539c8719f0c9f6a') in 0.054100 seconds 
  Import took 0.058908 seconds .

========================================================================
Received Import Request.
  Time since last request: 0.000168 seconds.
  path: Assets/Resources/Prefabs/ErrorText.prefab
  artifactKey: Guid(52a0fc25721011044ae60c7c3943f0c4) Importer(815301076,1909f56bfc062723c751e8b465ee728b)
Start importing Assets/Resources/Prefabs/ErrorText.prefab using Guid(52a0fc25721011044ae60c7c3943f0c4) Importer(815301076,1909f56bfc062723c751e8b465ee728b)  -> (artifact id: '1ce6b17541f8cad5e57081be22b25578') in 0.008179 seconds 
  Import took 0.012949 seconds .

========================================================================
Received Import Request.
  Time since last request: 0.000145 seconds.
  path: Assets/Resources/Sounds/Wall_OnCreated.wav
  artifactKey: Guid(26acb1b380eb14e48b9fafb04d0ba5ab) Importer(815301076,1909f56bfc062723c751e8b465ee728b)
Start importing Assets/Resources/Sounds/Wall_OnCreated.wav using Guid(26acb1b380eb14e48b9fafb04d0ba5ab) Importer(815301076,1909f56bfc062723c751e8b465ee728b)  -> (artifact id: 'f3f86aa8c1df835dd9366be1707489ff') in 0.024467 seconds 
  Import took 0.029260 seconds .

========================================================================
Received Import Request.
  Time since last request: 0.000136 seconds.
  path: Assets/Resources/Materials/OutdoorLighting.mat
  artifactKey: Guid(78657f5dce1fe144a89755921cac551d) Importer(815301076,1909f56bfc062723c751e8b465ee728b)
Start importing Assets/Resources/Materials/OutdoorLighting.mat using Guid(78657f5dce1fe144a89755921cac551d) Importer(815301076,1909f56bfc062723c751e8b465ee728b)  -> (artifact id: 'b9d291bec8f24c7d3453566b7e5149e3') in 0.120461 seconds 
  Import took 0.125376 seconds .

========================================================================
Received Import Request.
  Time since last request: 0.000160 seconds.
  path: Assets/Resources/Sprites/Inventory/inv_Wood.png
  artifactKey: Guid(b495a5815f89f3d4db2ccf07232e84f0) Importer(815301076,1909f56bfc062723c751e8b465ee728b)
Start importing Assets/Resources/Sprites/Inventory/inv_Wood.png using Guid(b495a5815f89f3d4db2ccf07232e84f0) Importer(815301076,1909f56bfc062723c751e8b465ee728b)  -> (artifact id: '6c05b768a826deec33778a1b734fb8c3') in 0.012093 seconds 
  Import took 0.017111 seconds .

========================================================================
Received Import Request.
  Time since last request: 0.000145 seconds.
  path: Assets/Resources/Prefabs/ErrorScreen.prefab
  artifactKey: Guid(a43031a4905ee964891f4dd47be01824) Importer(815301076,1909f56bfc062723c751e8b465ee728b)
Start importing Assets/Resources/Prefabs/ErrorScreen.prefab using Guid(a43031a4905ee964891f4dd47be01824) Importer(815301076,1909f56bfc062723c751e8b465ee728b)  -> (artifact id: '7a4347d866abba88f1750e975750c0c2') in 0.009719 seconds 
  Import took 0.014482 seconds .

========================================================================
Received Import Request.
  Time since last request: 0.000165 seconds.
  path: Assets/Resources/Sprites/Inventory/inv_StoneBlock.png
  artifactKey: Guid(03c0fef9c287a064cb080d19b7e59253) Importer(815301076,1909f56bfc062723c751e8b465ee728b)
Start importing Assets/Resources/Sprites/Inventory/inv_StoneBlock.png using Guid(03c0fef9c287a064cb080d19b7e59253) Importer(815301076,1909f56bfc062723c751e8b465ee728b)  -> (artifact id: '63ed3c8df0ff142fafd238af169247e9') in 0.012564 seconds 
  Import took 0.017460 seconds .

========================================================================
Received Import Request.
  Time since last request: 0.000155 seconds.
  path: Assets/Resources/Materials/Displacement.mat
  artifactKey: Guid(81ec19e278e3dc149be846eb1149c8b9) Importer(815301076,1909f56bfc062723c751e8b465ee728b)
Start importing Assets/Resources/Materials/Displacement.mat using Guid(81ec19e278e3dc149be846eb1149c8b9) Importer(815301076,1909f56bfc062723c751e8b465ee728b)  -> (artifact id: '1a33ba28e03908cf25018a893fad0825') in 0.012880 seconds 
  Import took 0.017757 seconds .

========================================================================
Received Import Request.
  Time since last request: 0.000151 seconds.
  path: Assets/Resources/Sounds/Tile_OnCreated.wav
  artifactKey: Guid(6e32969f5e02b924b84f8394e0c8250d) Importer(815301076,1909f56bfc062723c751e8b465ee728b)
Start importing Assets/Resources/Sounds/Tile_OnCreated.wav using Guid(6e32969f5e02b924b84f8394e0c8250d) Importer(815301076,1909f56bfc062723c751e8b465ee728b)  -> (artifact id: 'b9958f6c8b2f3eb9fe023a0d0d129f54') in 0.010179 seconds 
  Import took 0.015079 seconds .

========================================================================
Received Import Request.
  Time since last request: 0.000142 seconds.
  path: Assets/Resources/Sprites/Inventory/inv_RawStone.png
  artifactKey: Guid(520bde0d1521d0240917f8da91393b73) Importer(815301076,1909f56bfc062723c751e8b465ee728b)
Start importing Assets/Resources/Sprites/Inventory/inv_RawStone.png using Guid(520bde0d1521d0240917f8da91393b73) Importer(815301076,1909f56bfc062723c751e8b465ee728b)  -> (artifact id: '9f3b11b079f25897d1d5fd24d39e9ba2') in 0.012032 seconds 
  Import took 0.016894 seconds .

========================================================================
Received Prepare
Registering precompiled user dll's ...
Registered in 0.019426 seconds.
Begin MonoManager ReloadAssembly
Native extension for WindowsStandalone target not found
Native extension for WebGL target not found
Refreshing native plugins compatible for Editor in 1.13 ms, found 4 plugins.
Preloading 0 native plugins for Editor in 0.00 ms.
Mono: successfully reloaded assembly
- Completed reload, in  1.175 seconds
Domain Reload Profiling:
	ReloadAssembly (1175ms)
		BeginReloadAssembly (142ms)
			ExecutionOrderSort (0ms)
			DisableScriptedObjects (6ms)
			BackupInstance (0ms)
			ReleaseScriptingObjects (0ms)
			CreateAndSetChildDomain (37ms)
		EndReloadAssembly (974ms)
			LoadAssemblies (118ms)
			RebuildTransferFunctionScriptingTraits (0ms)
			SetupTypeCache (327ms)
			ReleaseScriptCaches (2ms)
			RebuildScriptCaches (52ms)
			SetupLoadedEditorAssemblies (355ms)
				LogAssemblyErrors (0ms)
				InitializePlatformSupportModulesInManaged (5ms)
				SetLoadedEditorAssemblies (0ms)
				RefreshPlugins (1ms)
				BeforeProcessingInitializeOnLoad (124ms)
				ProcessInitializeOnLoadAttributes (192ms)
				ProcessInitializeOnLoadMethodAttributes (28ms)
				AfterProcessingInitializeOnLoad (3ms)
				EditorAssembliesLoaded (0ms)
			ExecutionOrderSort2 (0ms)
			AwakeInstancesAfterBackupRestoration (13ms)
Platform modules already initialized, skipping
Shader 'Universal Render Pipeline/Particles/Lit': fallback shader 'Universal Render Pipeline/Particles/SimpleLit' not found
Refreshing native plugins compatible for Editor in 1.09 ms, found 4 plugins.
Preloading 0 native plugins for Editor in 0.00 ms.
Unloading 3784 Unused Serialized files (Serialized files now loaded: 0)
System memory in use before: 158.3 MB.
System memory in use after: 158.6 MB.

Unloading 72 unused Assets to reduce memory usage. Loaded Objects now: 4433.
Total: 7.119700 ms (FindLiveObjects: 0.358600 ms CreateObjectMapping: 0.106500 ms MarkObjects: 6.612100 ms  DeleteObjects: 0.041100 ms)

AssetImportParameters requested are different than current active one (requested -> active):
  custom:framework-win-MediaFoundation: 216162199b28c13a410421893ffa2e32 -> 
  custom:video-decoder-ogg-theora: a1e56fd34408186e4bbccfd4996cb3dc -> 
  custom:container-muxer-webm: aa71ff27fc2769a1b78a27578f13a17b -> 
  custom:container-demuxer-webm: 4f35f7cbe854078d1ac9338744f61a02 -> 
  custom:container-demuxer-ogg: 62fdf1f143b41e24485cea50d1cbac27 -> 
  custom:video-encoder-webm-vp8: eb34c28f22e8b96e1ab97ce403110664 -> 
  custom:video-decoder-webm-vp8: 9c59270c3fd7afecdb556c50c9e8de78 -> 
  custom:audio-decoder-ogg-vorbis: bf7c407c2cedff20999df2af8eb42d56 -> 
  custom:audio-encoder-webm-vorbis: bf7c407c2cedff20999df2af8eb42d56 -> 
========================================================================
Received Prepare
Registering precompiled user dll's ...
Registered in 0.024527 seconds.
Begin MonoManager ReloadAssembly
Native extension for WindowsStandalone target not found
Native extension for WebGL target not found
Refreshing native plugins compatible for Editor in 1.20 ms, found 4 plugins.
Preloading 0 native plugins for Editor in 0.00 ms.
Mono: successfully reloaded assembly
- Completed reload, in  1.143 seconds
Domain Reload Profiling:
	ReloadAssembly (1143ms)
		BeginReloadAssembly (118ms)
			ExecutionOrderSort (0ms)
			DisableScriptedObjects (5ms)
			BackupInstance (0ms)
			ReleaseScriptingObjects (0ms)
			CreateAndSetChildDomain (35ms)
		EndReloadAssembly (966ms)
			LoadAssemblies (119ms)
			RebuildTransferFunctionScriptingTraits (0ms)
			SetupTypeCache (319ms)
			ReleaseScriptCaches (2ms)
			RebuildScriptCaches (51ms)
			SetupLoadedEditorAssemblies (357ms)
				LogAssemblyErrors (0ms)
				InitializePlatformSupportModulesInManaged (6ms)
				SetLoadedEditorAssemblies (0ms)
				RefreshPlugins (1ms)
				BeforeProcessingInitializeOnLoad (123ms)
				ProcessInitializeOnLoadAttributes (195ms)
				ProcessInitializeOnLoadMethodAttributes (29ms)
				AfterProcessingInitializeOnLoad (3ms)
				EditorAssembliesLoaded (0ms)
			ExecutionOrderSort2 (0ms)
			AwakeInstancesAfterBackupRestoration (13ms)
Platform modules already initialized, skipping
Shader 'Universal Render Pipeline/Particles/Lit': fallback shader 'Universal Render Pipeline/Particles/SimpleLit' not found
Refreshing native plugins compatible for Editor in 1.12 ms, found 4 plugins.
Preloading 0 native plugins for Editor in 0.00 ms.
Unloading 3784 Unused Serialized files (Serialized files now loaded: 0)
System memory in use before: 158.4 MB.
System memory in use after: 158.6 MB.

Unloading 72 unused Assets to reduce memory usage. Loaded Objects now: 4435.
Total: 6.146400 ms (FindLiveObjects: 0.371400 ms CreateObjectMapping: 0.106200 ms MarkObjects: 5.628700 ms  DeleteObjects: 0.038700 ms)

AssetImportParameters requested are different than current active one (requested -> active):
  custom:framework-win-MediaFoundation: 216162199b28c13a410421893ffa2e32 -> 
  custom:video-decoder-ogg-theora: a1e56fd34408186e4bbccfd4996cb3dc -> 
  custom:container-muxer-webm: aa71ff27fc2769a1b78a27578f13a17b -> 
  custom:container-demuxer-webm: 4f35f7cbe854078d1ac9338744f61a02 -> 
  custom:container-demuxer-ogg: 62fdf1f143b41e24485cea50d1cbac27 -> 
  custom:video-encoder-webm-vp8: eb34c28f22e8b96e1ab97ce403110664 -> 
  custom:video-decoder-webm-vp8: 9c59270c3fd7afecdb556c50c9e8de78 -> 
  custom:audio-decoder-ogg-vorbis: bf7c407c2cedff20999df2af8eb42d56 -> 
  custom:audio-encoder-webm-vorbis: bf7c407c2cedff20999df2af8eb42d56 -> 
========================================================================
Received Prepare
Registering precompiled user dll's ...
Registered in 0.020222 seconds.
Begin MonoManager ReloadAssembly
Native extension for WindowsStandalone target not found
Native extension for WebGL target not found
Refreshing native plugins compatible for Editor in 1.07 ms, found 4 plugins.
Preloading 0 native plugins for Editor in 0.00 ms.
Mono: successfully reloaded assembly
- Completed reload, in  1.114 seconds
Domain Reload Profiling:
	ReloadAssembly (1115ms)
		BeginReloadAssembly (125ms)
			ExecutionOrderSort (0ms)
			DisableScriptedObjects (5ms)
			BackupInstance (0ms)
			ReleaseScriptingObjects (0ms)
			CreateAndSetChildDomain (32ms)
		EndReloadAssembly (931ms)
			LoadAssemblies (117ms)
			RebuildTransferFunctionScriptingTraits (0ms)
			SetupTypeCache (309ms)
			ReleaseScriptCaches (2ms)
			RebuildScriptCaches (49ms)
			SetupLoadedEditorAssemblies (340ms)
				LogAssemblyErrors (0ms)
				InitializePlatformSupportModulesInManaged (5ms)
				SetLoadedEditorAssemblies (0ms)
				RefreshPlugins (1ms)
				BeforeProcessingInitializeOnLoad (120ms)
				ProcessInitializeOnLoadAttributes (185ms)
				ProcessInitializeOnLoadMethodAttributes (27ms)
				AfterProcessingInitializeOnLoad (3ms)
				EditorAssembliesLoaded (0ms)
			ExecutionOrderSort2 (0ms)
			AwakeInstancesAfterBackupRestoration (12ms)
Platform modules already initialized, skipping
Shader 'Universal Render Pipeline/Particles/Lit': fallback shader 'Universal Render Pipeline/Particles/SimpleLit' not found
Refreshing native plugins compatible for Editor in 1.08 ms, found 4 plugins.
Preloading 0 native plugins for Editor in 0.00 ms.
Unloading 3784 Unused Serialized files (Serialized files now loaded: 0)
System memory in use before: 158.4 MB.
System memory in use after: 158.7 MB.

Unloading 72 unused Assets to reduce memory usage. Loaded Objects now: 4437.
Total: 5.857600 ms (FindLiveObjects: 0.343900 ms CreateObjectMapping: 0.108400 ms MarkObjects: 5.375900 ms  DeleteObjects: 0.028700 ms)

AssetImportParameters requested are different than current active one (requested -> active):
  custom:framework-win-MediaFoundation: 216162199b28c13a410421893ffa2e32 -> 
  custom:video-decoder-ogg-theora: a1e56fd34408186e4bbccfd4996cb3dc -> 
  custom:container-muxer-webm: aa71ff27fc2769a1b78a27578f13a17b -> 
  custom:container-demuxer-webm: 4f35f7cbe854078d1ac9338744f61a02 -> 
  custom:container-demuxer-ogg: 62fdf1f143b41e24485cea50d1cbac27 -> 
  custom:video-encoder-webm-vp8: eb34c28f22e8b96e1ab97ce403110664 -> 
  custom:video-decoder-webm-vp8: 9c59270c3fd7afecdb556c50c9e8de78 -> 
  custom:audio-decoder-ogg-vorbis: bf7c407c2cedff20999df2af8eb42d56 -> 
  custom:audio-encoder-webm-vorbis: bf7c407c2cedff20999df2af8eb42d56 -> 
========================================================================
Received Prepare
Registering precompiled user dll's ...
Registered in 0.023342 seconds.
Begin MonoManager ReloadAssembly
Native extension for WindowsStandalone target not found
Native extension for WebGL target not found
Refreshing native plugins compatible for Editor in 1.14 ms, found 4 plugins.
Preloading 0 native plugins for Editor in 0.00 ms.
Mono: successfully reloaded assembly
- Completed reload, in  1.140 seconds
Domain Reload Profiling:
	ReloadAssembly (1141ms)
		BeginReloadAssembly (126ms)
			ExecutionOrderSort (0ms)
			DisableScriptedObjects (5ms)
			BackupInstance (0ms)
			ReleaseScriptingObjects (0ms)
			CreateAndSetChildDomain (35ms)
		EndReloadAssembly (954ms)
			LoadAssemblies (119ms)
			RebuildTransferFunctionScriptingTraits (0ms)
			SetupTypeCache (315ms)
			ReleaseScriptCaches (2ms)
			RebuildScriptCaches (51ms)
			SetupLoadedEditorAssemblies (350ms)
				LogAssemblyErrors (0ms)
				InitializePlatformSupportModulesInManaged (5ms)
				SetLoadedEditorAssemblies (0ms)
				RefreshPlugins (1ms)
				BeforeProcessingInitializeOnLoad (124ms)
				ProcessInitializeOnLoadAttributes (189ms)
				ProcessInitializeOnLoadMethodAttributes (27ms)
				AfterProcessingInitializeOnLoad (3ms)
				EditorAssembliesLoaded (0ms)
			ExecutionOrderSort2 (0ms)
			AwakeInstancesAfterBackupRestoration (13ms)
Platform modules already initialized, skipping
Shader 'Universal Render Pipeline/Particles/Lit': fallback shader 'Universal Render Pipeline/Particles/SimpleLit' not found
Refreshing native plugins compatible for Editor in 1.12 ms, found 4 plugins.
Preloading 0 native plugins for Editor in 0.00 ms.
Unloading 3784 Unused Serialized files (Serialized files now loaded: 0)
System memory in use before: 158.4 MB.
System memory in use after: 158.7 MB.

Unloading 72 unused Assets to reduce memory usage. Loaded Objects now: 4439.
Total: 6.298000 ms (FindLiveObjects: 0.381900 ms CreateObjectMapping: 0.112300 ms MarkObjects: 5.767500 ms  DeleteObjects: 0.035200 ms)

AssetImportParameters requested are different than current active one (requested -> active):
  custom:framework-win-MediaFoundation: 216162199b28c13a410421893ffa2e32 -> 
  custom:video-decoder-ogg-theora: a1e56fd34408186e4bbccfd4996cb3dc -> 
  custom:container-muxer-webm: aa71ff27fc2769a1b78a27578f13a17b -> 
  custom:container-demuxer-webm: 4f35f7cbe854078d1ac9338744f61a02 -> 
  custom:container-demuxer-ogg: 62fdf1f143b41e24485cea50d1cbac27 -> 
  custom:video-encoder-webm-vp8: eb34c28f22e8b96e1ab97ce403110664 -> 
  custom:video-decoder-webm-vp8: 9c59270c3fd7afecdb556c50c9e8de78 -> 
  custom:audio-decoder-ogg-vorbis: bf7c407c2cedff20999df2af8eb42d56 -> 
  custom:audio-encoder-webm-vorbis: bf7c407c2cedff20999df2af8eb42d56 -> 
========================================================================
Received Prepare
Registering precompiled user dll's ...
Registered in 0.019397 seconds.
Begin MonoManager ReloadAssembly
Native extension for WindowsStandalone target not found
Native extension for WebGL target not found
Refreshing native plugins compatible for Editor in 1.09 ms, found 4 plugins.
Preloading 0 native plugins for Editor in 0.00 ms.
Mono: successfully reloaded assembly
- Completed reload, in  1.100 seconds
Domain Reload Profiling:
	ReloadAssembly (1101ms)
		BeginReloadAssembly (110ms)
			ExecutionOrderSort (0ms)
			DisableScriptedObjects (5ms)
			BackupInstance (0ms)
			ReleaseScriptingObjects (0ms)
			CreateAndSetChildDomain (31ms)
		EndReloadAssembly (932ms)
			LoadAssemblies (115ms)
			RebuildTransferFunctionScriptingTraits (0ms)
			SetupTypeCache (307ms)
			ReleaseScriptCaches (2ms)
			RebuildScriptCaches (49ms)
			SetupLoadedEditorAssemblies (342ms)
				LogAssemblyErrors (0ms)
				InitializePlatformSupportModulesInManaged (5ms)
				SetLoadedEditorAssemblies (0ms)
				RefreshPlugins (1ms)
				BeforeProcessingInitializeOnLoad (120ms)
				ProcessInitializeOnLoadAttributes (186ms)
				ProcessInitializeOnLoadMethodAttributes (27ms)
				AfterProcessingInitializeOnLoad (3ms)
				EditorAssembliesLoaded (0ms)
			ExecutionOrderSort2 (0ms)
			AwakeInstancesAfterBackupRestoration (13ms)
Platform modules already initialized, skipping
Shader 'Universal Render Pipeline/Particles/Lit': fallback shader 'Universal Render Pipeline/Particles/SimpleLit' not found
Refreshing native plugins compatible for Editor in 1.08 ms, found 4 plugins.
Preloading 0 native plugins for Editor in 0.00 ms.
Unloading 3784 Unused Serialized files (Serialized files now loaded: 0)
System memory in use before: 158.5 MB.
System memory in use after: 158.7 MB.

Unloading 72 unused Assets to reduce memory usage. Loaded Objects now: 4441.
Total: 6.117500 ms (FindLiveObjects: 0.322100 ms CreateObjectMapping: 0.105700 ms MarkObjects: 5.651800 ms  DeleteObjects: 0.037000 ms)

AssetImportParameters requested are different than current active one (requested -> active):
  custom:framework-win-MediaFoundation: 216162199b28c13a410421893ffa2e32 -> 
  custom:video-decoder-ogg-theora: a1e56fd34408186e4bbccfd4996cb3dc -> 
  custom:container-muxer-webm: aa71ff27fc2769a1b78a27578f13a17b -> 
  custom:container-demuxer-webm: 4f35f7cbe854078d1ac9338744f61a02 -> 
  custom:container-demuxer-ogg: 62fdf1f143b41e24485cea50d1cbac27 -> 
  custom:video-encoder-webm-vp8: eb34c28f22e8b96e1ab97ce403110664 -> 
  custom:video-decoder-webm-vp8: 9c59270c3fd7afecdb556c50c9e8de78 -> 
  custom:audio-decoder-ogg-vorbis: bf7c407c2cedff20999df2af8eb42d56 -> 
  custom:audio-encoder-webm-vorbis: bf7c407c2cedff20999df2af8eb42d56 -> 
========================================================================
Received Prepare
Registering precompiled user dll's ...
Registered in 0.022927 seconds.
Begin MonoManager ReloadAssembly
Native extension for WindowsStandalone target not found
Native extension for WebGL target not found
Refreshing native plugins compatible for Editor in 1.20 ms, found 4 plugins.
Preloading 0 native plugins for Editor in 0.00 ms.
Mono: successfully reloaded assembly
- Completed reload, in  1.165 seconds
Domain Reload Profiling:
	ReloadAssembly (1165ms)
		BeginReloadAssembly (122ms)
			ExecutionOrderSort (0ms)
			DisableScriptedObjects (5ms)
			BackupInstance (0ms)
			ReleaseScriptingObjects (0ms)
			CreateAndSetChildDomain (33ms)
		EndReloadAssembly (981ms)
			LoadAssemblies (123ms)
			RebuildTransferFunctionScriptingTraits (0ms)
			SetupTypeCache (321ms)
			ReleaseScriptCaches (2ms)
			RebuildScriptCaches (53ms)
			SetupLoadedEditorAssemblies (366ms)
				LogAssemblyErrors (0ms)
				InitializePlatformSupportModulesInManaged (5ms)
				SetLoadedEditorAssemblies (0ms)
				RefreshPlugins (1ms)
				BeforeProcessingInitializeOnLoad (127ms)
				ProcessInitializeOnLoadAttributes (202ms)
				ProcessInitializeOnLoadMethodAttributes (27ms)
				AfterProcessingInitializeOnLoad (3ms)
				EditorAssembliesLoaded (0ms)
			ExecutionOrderSort2 (0ms)
			AwakeInstancesAfterBackupRestoration (13ms)
Platform modules already initialized, skipping
Shader 'Universal Render Pipeline/Particles/Lit': fallback shader 'Universal Render Pipeline/Particles/SimpleLit' not found
Refreshing native plugins compatible for Editor in 1.13 ms, found 4 plugins.
Preloading 0 native plugins for Editor in 0.00 ms.
Unloading 3784 Unused Serialized files (Serialized files now loaded: 0)
System memory in use before: 158.5 MB.
System memory in use after: 158.7 MB.

Unloading 72 unused Assets to reduce memory usage. Loaded Objects now: 4443.
Total: 6.365300 ms (FindLiveObjects: 0.414400 ms CreateObjectMapping: 0.107700 ms MarkObjects: 5.805100 ms  DeleteObjects: 0.036100 ms)

AssetImportParameters requested are different than current active one (requested -> active):
  custom:framework-win-MediaFoundation: 216162199b28c13a410421893ffa2e32 -> 
  custom:video-decoder-ogg-theora: a1e56fd34408186e4bbccfd4996cb3dc -> 
  custom:container-muxer-webm: aa71ff27fc2769a1b78a27578f13a17b -> 
  custom:container-demuxer-webm: 4f35f7cbe854078d1ac9338744f61a02 -> 
  custom:container-demuxer-ogg: 62fdf1f143b41e24485cea50d1cbac27 -> 
  custom:video-encoder-webm-vp8: eb34c28f22e8b96e1ab97ce403110664 -> 
  custom:video-decoder-webm-vp8: 9c59270c3fd7afecdb556c50c9e8de78 -> 
  custom:audio-decoder-ogg-vorbis: bf7c407c2cedff20999df2af8eb42d56 -> 
  custom:audio-encoder-webm-vorbis: bf7c407c2cedff20999df2af8eb42d56 -> 
========================================================================
Received Prepare
Registering precompiled user dll's ...
Registered in 0.018898 seconds.
Begin MonoManager ReloadAssembly
Native extension for WindowsStandalone target not found
Native extension for WebGL target not found
Refreshing native plugins compatible for Editor in 1.15 ms, found 4 plugins.
Preloading 0 native plugins for Editor in 0.00 ms.
Mono: successfully reloaded assembly
- Completed reload, in  1.132 seconds
Domain Reload Profiling:
	ReloadAssembly (1133ms)
		BeginReloadAssembly (126ms)
			ExecutionOrderSort (0ms)
			DisableScriptedObjects (5ms)
			BackupInstance (0ms)
			ReleaseScriptingObjects (0ms)
			CreateAndSetChildDomain (32ms)
		EndReloadAssembly (947ms)
			LoadAssemblies (115ms)
			RebuildTransferFunctionScriptingTraits (0ms)
			SetupTypeCache (313ms)
			ReleaseScriptCaches (2ms)
			RebuildScriptCaches (49ms)
			SetupLoadedEditorAssemblies (352ms)
				LogAssemblyErrors (0ms)
				InitializePlatformSupportModulesInManaged (5ms)
				SetLoadedEditorAssemblies (0ms)
				RefreshPlugins (1ms)
				BeforeProcessingInitializeOnLoad (124ms)
				ProcessInitializeOnLoadAttributes (192ms)
				ProcessInitializeOnLoadMethodAttributes (27ms)
				AfterProcessingInitializeOnLoad (3ms)
				EditorAssembliesLoaded (0ms)
			ExecutionOrderSort2 (0ms)
			AwakeInstancesAfterBackupRestoration (13ms)
Platform modules already initialized, skipping
Shader 'Universal Render Pipeline/Particles/Lit': fallback shader 'Universal Render Pipeline/Particles/SimpleLit' not found
Refreshing native plugins compatible for Editor in 1.14 ms, found 4 plugins.
Preloading 0 native plugins for Editor in 0.00 ms.
Unloading 3784 Unused Serialized files (Serialized files now loaded: 0)
System memory in use before: 158.5 MB.
System memory in use after: 158.7 MB.

Unloading 72 unused Assets to reduce memory usage. Loaded Objects now: 4445.
Total: 6.071000 ms (FindLiveObjects: 0.354500 ms CreateObjectMapping: 0.102000 ms MarkObjects: 5.583100 ms  DeleteObjects: 0.030500 ms)

AssetImportParameters requested are different than current active one (requested -> active):
  custom:framework-win-MediaFoundation: 216162199b28c13a410421893ffa2e32 -> 
  custom:video-decoder-ogg-theora: a1e56fd34408186e4bbccfd4996cb3dc -> 
  custom:container-muxer-webm: aa71ff27fc2769a1b78a27578f13a17b -> 
  custom:container-demuxer-webm: 4f35f7cbe854078d1ac9338744f61a02 -> 
  custom:container-demuxer-ogg: 62fdf1f143b41e24485cea50d1cbac27 -> 
  custom:video-encoder-webm-vp8: eb34c28f22e8b96e1ab97ce403110664 -> 
  custom:video-decoder-webm-vp8: 9c59270c3fd7afecdb556c50c9e8de78 -> 
  custom:audio-decoder-ogg-vorbis: bf7c407c2cedff20999df2af8eb42d56 -> 
  custom:audio-encoder-webm-vorbis: bf7c407c2cedff20999df2af8eb42d56 -> 
========================================================================
Received Prepare
Registering precompiled user dll's ...
Registered in 0.018706 seconds.
Begin MonoManager ReloadAssembly
Native extension for WindowsStandalone target not found
Native extension for WebGL target not found
Refreshing native plugins compatible for Editor in 1.11 ms, found 4 plugins.
Preloading 0 native plugins for Editor in 0.00 ms.
Mono: successfully reloaded assembly
- Completed reload, in  1.133 seconds
Domain Reload Profiling:
	ReloadAssembly (1133ms)
		BeginReloadAssembly (130ms)
			ExecutionOrderSort (0ms)
			DisableScriptedObjects (5ms)
			BackupInstance (0ms)
			ReleaseScriptingObjects (0ms)
			CreateAndSetChildDomain (32ms)
		EndReloadAssembly (944ms)
			LoadAssemblies (116ms)
			RebuildTransferFunctionScriptingTraits (0ms)
			SetupTypeCache (312ms)
			ReleaseScriptCaches (2ms)
			RebuildScriptCaches (51ms)
			SetupLoadedEditorAssemblies (349ms)
				LogAssemblyErrors (0ms)
				InitializePlatformSupportModulesInManaged (5ms)
				SetLoadedEditorAssemblies (0ms)
				RefreshPlugins (1ms)
				BeforeProcessingInitializeOnLoad (124ms)
				ProcessInitializeOnLoadAttributes (188ms)
				ProcessInitializeOnLoadMethodAttributes (27ms)
				AfterProcessingInitializeOnLoad (3ms)
				EditorAssembliesLoaded (0ms)
			ExecutionOrderSort2 (0ms)
			AwakeInstancesAfterBackupRestoration (12ms)
Platform modules already initialized, skipping
Shader 'Universal Render Pipeline/Particles/Lit': fallback shader 'Universal Render Pipeline/Particles/SimpleLit' not found
Refreshing native plugins compatible for Editor in 1.11 ms, found 4 plugins.
Preloading 0 native plugins for Editor in 0.00 ms.
Unloading 3784 Unused Serialized files (Serialized files now loaded: 0)
System memory in use before: 158.5 MB.
System memory in use after: 158.7 MB.

Unloading 72 unused Assets to reduce memory usage. Loaded Objects now: 4447.
Total: 6.388800 ms (FindLiveObjects: 0.356100 ms CreateObjectMapping: 0.107700 ms MarkObjects: 5.883800 ms  DeleteObjects: 0.040100 ms)

AssetImportParameters requested are different than current active one (requested -> active):
  custom:framework-win-MediaFoundation: 216162199b28c13a410421893ffa2e32 -> 
  custom:video-decoder-ogg-theora: a1e56fd34408186e4bbccfd4996cb3dc -> 
  custom:container-muxer-webm: aa71ff27fc2769a1b78a27578f13a17b -> 
  custom:container-demuxer-webm: 4f35f7cbe854078d1ac9338744f61a02 -> 
  custom:container-demuxer-ogg: 62fdf1f143b41e24485cea50d1cbac27 -> 
  custom:video-encoder-webm-vp8: eb34c28f22e8b96e1ab97ce403110664 -> 
  custom:video-decoder-webm-vp8: 9c59270c3fd7afecdb556c50c9e8de78 -> 
  custom:audio-decoder-ogg-vorbis: bf7c407c2cedff20999df2af8eb42d56 -> 
  custom:audio-encoder-webm-vorbis: bf7c407c2cedff20999df2af8eb42d56 -> 
========================================================================
Received Import Request.
  Time since last request: 869.906050 seconds.
  path: Assets
  artifactKey: Guid(00000000000000001000000000000000) Importer(815301076,1909f56bfc062723c751e8b465ee728b)
Start importing Assets using Guid(00000000000000001000000000000000) Importer(815301076,1909f56bfc062723c751e8b465ee728b)  -> (artifact id: '42d402b061de3733987d63b9cc3b64de') in 0.009343 seconds 
  Import took 0.015055 seconds .

========================================================================
Received Import Request.
  Time since last request: 0.002081 seconds.
  path: Assets
  artifactKey: Guid(00000000000000001000000000000000) Importer(815301076,1909f56bfc062723c751e8b465ee728b)
Start importing Assets using Guid(00000000000000001000000000000000) Importer(815301076,1909f56bfc062723c751e8b465ee728b)  -> (artifact id: '42d402b061de3733987d63b9cc3b64de') in 0.002520 seconds 
  Import took 0.007593 seconds .

========================================================================
Received Import Request.
  Time since last request: 16.703520 seconds.
  path: Assets/Scripts/Controllers/MouseController.cs
  artifactKey: Guid(400326c8ec633b94d9c046acb0173117) Importer(815301076,1909f56bfc062723c751e8b465ee728b)
Start importing Assets/Scripts/Controllers/MouseController.cs using Guid(400326c8ec633b94d9c046acb0173117) Importer(815301076,1909f56bfc062723c751e8b465ee728b)  -> (artifact id: 'be4284c76a71bf8d29f978d09fa98da3') in 0.007716 seconds 
  Import took 0.013155 seconds .

========================================================================
Received Import Request.
  Time since last request: 0.018025 seconds.
  path: Assets/Scripts/Controllers/MouseController.cs
  artifactKey: Guid(400326c8ec633b94d9c046acb0173117) Importer(815301076,1909f56bfc062723c751e8b465ee728b)
Start importing Assets/Scripts/Controllers/MouseController.cs using Guid(400326c8ec633b94d9c046acb0173117) Importer(815301076,1909f56bfc062723c751e8b465ee728b)  -> (artifact id: 'be4284c76a71bf8d29f978d09fa98da3') in 0.002546 seconds 
  Import took 0.008001 seconds .

========================================================================
Received Import Request.
  Time since last request: 75.451356 seconds.
  path: Assets/Scripts/UI/Editor
  artifactKey: Guid(278949b770c59a04eba1f4a95719a9d1) Importer(815301076,1909f56bfc062723c751e8b465ee728b)
Start importing Assets/Scripts/UI/Editor using Guid(278949b770c59a04eba1f4a95719a9d1) Importer(815301076,1909f56bfc062723c751e8b465ee728b)  -> (artifact id: 'bdcca729e52a945d3fb65e43b08d0ce4') in 0.006089 seconds 
  Import took 0.011767 seconds .

========================================================================
Received Import Request.
  Time since last request: 2.617150 seconds.
  path: Assets/Scripts/UI/Editor/AutoSizeEditor.cs
  artifactKey: Guid(1105c98a82efa254daa0157e0ef11459) Importer(815301076,1909f56bfc062723c751e8b465ee728b)
Start importing Assets/Scripts/UI/Editor/AutoSizeEditor.cs using Guid(1105c98a82efa254daa0157e0ef11459) Importer(815301076,1909f56bfc062723c751e8b465ee728b)  -> (artifact id: 'bd2a64dc9ffe3fbda2d5d09cfff73044') in 0.005595 seconds 
  Import took 0.010994 seconds .

========================================================================
Received Import Request.
  Time since last request: 6.111449 seconds.
  path: Assets/Editor
  artifactKey: Guid(83f796504dd8e6b42b51abc7ce0aa7f0) Importer(815301076,1909f56bfc062723c751e8b465ee728b)
Start importing Assets/Editor using Guid(83f796504dd8e6b42b51abc7ce0aa7f0) Importer(815301076,1909f56bfc062723c751e8b465ee728b)  -> (artifact id: '02200a7da845340918daa0f5a4304031') in 0.002464 seconds 
  Import took 0.007722 seconds .

========================================================================
Received Import Request.
  Time since last request: 2.588130 seconds.
  path: Assets/Editor/Templates
  artifactKey: Guid(b488523a99cf1d247893eae980dafae2) Importer(815301076,1909f56bfc062723c751e8b465ee728b)
Start importing Assets/Editor/Templates using Guid(b488523a99cf1d247893eae980dafae2) Importer(815301076,1909f56bfc062723c751e8b465ee728b)  -> (artifact id: '0afaac6499b76fb201d9090a27476382') in 0.005551 seconds 
  Import took 0.010938 seconds .

========================================================================
Received Import Request.
  Time since last request: 0.621160 seconds.
  path: Assets/Editor/Templates/ClassTemplate.txt
  artifactKey: Guid(cf1980fe2221f43408c3c575ec0c485b) Importer(815301076,1909f56bfc062723c751e8b465ee728b)
Start importing Assets/Editor/Templates/ClassTemplate.txt using Guid(cf1980fe2221f43408c3c575ec0c485b) Importer(815301076,1909f56bfc062723c751e8b465ee728b)  -> (artifact id: 'bd52dc1ec27fb8b802bfaff6f716c4f7') in 0.049391 seconds 
  Import took 0.054718 seconds .

========================================================================
Received Import Request.
  Time since last request: 0.858626 seconds.
  path: Assets/Editor/Templates/InterfaceTemplate.txt
  artifactKey: Guid(e3f5e6b0ec630ed4d91d4de4aa133e29) Importer(815301076,1909f56bfc062723c751e8b465ee728b)
Start importing Assets/Editor/Templates/InterfaceTemplate.txt using Guid(e3f5e6b0ec630ed4d91d4de4aa133e29) Importer(815301076,1909f56bfc062723c751e8b465ee728b)  -> (artifact id: '4205ee597ab432dc8c8c8b4f1ad4115a') in 0.006702 seconds 
  Import took 0.012049 seconds .

========================================================================
Received Import Request.
  Time since last request: 0.671622 seconds.
  path: Assets/Editor/Templates/LuaTemplate.txt
  artifactKey: Guid(cc47534a1a396634495d7544bc825bb3) Importer(815301076,1909f56bfc062723c751e8b465ee728b)
Start importing Assets/Editor/Templates/LuaTemplate.txt using Guid(cc47534a1a396634495d7544bc825bb3) Importer(815301076,1909f56bfc062723c751e8b465ee728b)  -> (artifact id: '2367dbcbb66cc1a5f5758b8a09e2f010') in 0.006261 seconds 
  Import took 0.011552 seconds .

========================================================================
Received Import Request.
  Time since last request: 1.128328 seconds.
  path: Assets/Prefabs
  artifactKey: Guid(75e106535eeca384e9b416d1095ae457) Importer(815301076,1909f56bfc062723c751e8b465ee728b)
Start importing Assets/Prefabs using Guid(75e106535eeca384e9b416d1095ae457) Importer(815301076,1909f56bfc062723c751e8b465ee728b)  -> (artifact id: '63b4aa0744617776da83daccc1da7937') in 0.005608 seconds 
  Import took 0.010800 seconds .

========================================================================
Received Import Request.
  Time since last request: 0.397523 seconds.
  path: Assets/Editor/Templates/XmlTemplate.txt
  artifactKey: Guid(f5b2ff842b4e6f44dac6a146e71c8a70) Importer(815301076,1909f56bfc062723c751e8b465ee728b)
Start importing Assets/Editor/Templates/XmlTemplate.txt using Guid(f5b2ff842b4e6f44dac6a146e71c8a70) Importer(815301076,1909f56bfc062723c751e8b465ee728b)  -> (artifact id: '4132eedf93d5b895cf988d32809b57e4') in 0.005911 seconds 
  Import took 0.011322 seconds .

========================================================================
Received Import Request.
  Time since last request: 120.781288 seconds.
  path: Packages/com.unity.ide.rider
  artifactKey: Guid(ea5aa18a49e4f29d74984ea0ea11a238) Importer(815301076,1909f56bfc062723c751e8b465ee728b)
Start importing Packages/com.unity.ide.rider using Guid(ea5aa18a49e4f29d74984ea0ea11a238) Importer(815301076,1909f56bfc062723c751e8b465ee728b)  -> (artifact id: '38d02623396ab86594f3405d33b9714f') in 0.005191 seconds 
  Import took 0.010906 seconds .

========================================================================
Received Import Request.
  Time since last request: 1.745267 seconds.
  path: Packages/com.unity.ide.rider/Rider
  artifactKey: Guid(9129183a42052cd43b9c284d6dbd541e) Importer(815301076,1909f56bfc062723c751e8b465ee728b)
Start importing Packages/com.unity.ide.rider/Rider using Guid(9129183a42052cd43b9c284d6dbd541e) Importer(815301076,1909f56bfc062723c751e8b465ee728b)  -> (artifact id: 'b0ed37780721ec38efc2f48758039c53') in 0.005684 seconds 
  Import took 0.010982 seconds .

========================================================================
Received Import Request.
  Time since last request: 0.169728 seconds.
  path: Packages/com.unity.ide.rider/CHANGELOG.md
  artifactKey: Guid(8645aa9c3c74fb34ba9499e14fb332b5) Importer(815301076,1909f56bfc062723c751e8b465ee728b)
Start importing Packages/com.unity.ide.rider/CHANGELOG.md using Guid(8645aa9c3c74fb34ba9499e14fb332b5) Importer(815301076,1909f56bfc062723c751e8b465ee728b)  -> (artifact id: '3f1222bb0e2bee4fb42a0a7bfc0f4a56') in 0.007428 seconds 
  Import took 0.012902 seconds .

========================================================================
Received Import Request.
  Time since last request: 1.225766 seconds.
  path: Packages/com.unity.ide.rider/Rider/Editor
  artifactKey: Guid(1b393f6b29a9ee84c803af1ab4944b71) Importer(815301076,1909f56bfc062723c751e8b465ee728b)
Start importing Packages/com.unity.ide.rider/Rider/Editor using Guid(1b393f6b29a9ee84c803af1ab4944b71) Importer(815301076,1909f56bfc062723c751e8b465ee728b)  -> (artifact id: '5087f28a9cfe42a2c05db11df8e1e020') in 0.002391 seconds 
  Import took 0.007550 seconds .

========================================================================
Received Import Request.
  Time since last request: 1.650910 seconds.
  path: Packages/com.unity.ide.rider/Rider/Editor/PostProcessors
  artifactKey: Guid(aa290bd9a165a0543a4bf85ac73914bc) Importer(815301076,1909f56bfc062723c751e8b465ee728b)
Start importing Packages/com.unity.ide.rider/Rider/Editor/PostProcessors using Guid(aa290bd9a165a0543a4bf85ac73914bc) Importer(815301076,1909f56bfc062723c751e8b465ee728b)  -> (artifact id: '2cd8217f6aa58da9e068ca6253dafa23') in 0.005174 seconds 
  Import took 0.010415 seconds .

========================================================================
Received Import Request.
  Time since last request: 0.161099 seconds.
  path: Packages/com.unity.ide.rider/Rider/Editor/ProjectGeneration
  artifactKey: Guid(313cbe17019f1934397f91069831062c) Importer(815301076,1909f56bfc062723c751e8b465ee728b)
Start importing Packages/com.unity.ide.rider/Rider/Editor/ProjectGeneration using Guid(313cbe17019f1934397f91069831062c) Importer(815301076,1909f56bfc062723c751e8b465ee728b)  -> (artifact id: '40e505edcc8be1fa1f0209588a6916aa') in 0.005265 seconds 
  Import took 0.010346 seconds .

========================================================================
Received Import Request.
  Time since last request: 0.153497 seconds.
  path: Packages/com.unity.ide.rider/Rider/Editor/Properties
  artifactKey: Guid(354fde95fe0643b09509e5fcee350b33) Importer(815301076,1909f56bfc062723c751e8b465ee728b)
Start importing Packages/com.unity.ide.rider/Rider/Editor/Properties using Guid(354fde95fe0643b09509e5fcee350b33) Importer(815301076,1909f56bfc062723c751e8b465ee728b)  -> (artifact id: 'e96cf7597757a21a69bdb0cb1fee5b47') in 0.005176 seconds 
  Import took 0.010438 seconds .

========================================================================
Received Import Request.
  Time since last request: 0.165590 seconds.
  path: Packages/com.unity.ide.rider/Rider/Editor/UnitTesting
  artifactKey: Guid(a52391bc44c477f40a547ed4ef3b9560) Importer(815301076,1909f56bfc062723c751e8b465ee728b)
Start importing Packages/com.unity.ide.rider/Rider/Editor/UnitTesting using Guid(a52391bc44c477f40a547ed4ef3b9560) Importer(815301076,1909f56bfc062723c751e8b465ee728b)  -> (artifact id: 'bafac650e56d9c89bfa648c15cdde74a') in 0.005638 seconds 
  Import took 0.010893 seconds .

========================================================================
Received Import Request.
  Time since last request: 0.253170 seconds.
  path: Packages/com.unity.ide.rider/Rider/Editor/Util
  artifactKey: Guid(5e726086cd652f82087d59d67d2c24cd) Importer(815301076,1909f56bfc062723c751e8b465ee728b)
Start importing Packages/com.unity.ide.rider/Rider/Editor/Util using Guid(5e726086cd652f82087d59d67d2c24cd) Importer(815301076,1909f56bfc062723c751e8b465ee728b)  -> (artifact id: '5547770a4ba9b99a4f36b5e1b070ec62') in 0.005457 seconds 
  Import took 0.010659 seconds .

========================================================================
Received Import Request.
  Time since last request: 10.318680 seconds.
  path: Packages/com.unity.render-pipelines.lightweight
  artifactKey: Guid(1d731c6b669577c2e870c6985ed64321) Importer(815301076,1909f56bfc062723c751e8b465ee728b)
Start importing Packages/com.unity.render-pipelines.lightweight using Guid(1d731c6b669577c2e870c6985ed64321) Importer(815301076,1909f56bfc062723c751e8b465ee728b)  -> (artifact id: '1a3097c707c4475be088a3f8b289d8e9') in 0.005663 seconds 
  Import took 0.010898 seconds .

========================================================================
Received Import Request.
  Time since last request: 8.804987 seconds.
  path: Assets/StreamingAssets/Scripts/Structure.lua
  artifactKey: Guid(adb0afac2cd5ee44eb538a77749fe1fd) Importer(815301076,1909f56bfc062723c751e8b465ee728b)
Start importing Assets/StreamingAssets/Scripts/Structure.lua using Guid(adb0afac2cd5ee44eb538a77749fe1fd) Importer(815301076,1909f56bfc062723c751e8b465ee728b)  -> (artifact id: '106a41402ecfd2201b0e4988f24a323e') in 0.006790 seconds 
  Import took 0.012241 seconds .

========================================================================
Received Import Request.
  Time since last request: 2.255481 seconds.
  path: Assets/StreamingAssets/Data/LocaleData.xml
  artifactKey: Guid(095ebe3bbf7344044b20ba4e1f7d2e03) Importer(815301076,1909f56bfc062723c751e8b465ee728b)
Start importing Assets/StreamingAssets/Data/LocaleData.xml using Guid(095ebe3bbf7344044b20ba4e1f7d2e03) Importer(815301076,1909f56bfc062723c751e8b465ee728b)  -> (artifact id: '196b00092f4bef3ddca4397c45844dad') in 0.006826 seconds 
  Import took 0.012334 seconds .

========================================================================
Received Import Request.
  Time since last request: 21.226960 seconds.
  path: Assets/StreamingAssets/Scripts
  artifactKey: Guid(2832e4b4c266b984ebc3d5f163b45b14) Importer(815301076,1909f56bfc062723c751e8b465ee728b)
Start importing Assets/StreamingAssets/Scripts using Guid(2832e4b4c266b984ebc3d5f163b45b14) Importer(815301076,1909f56bfc062723c751e8b465ee728b)  -> (artifact id: 'a2b6d698af6e6fc143dca54feeba0067') in 0.005924 seconds 
  Import took 0.011394 seconds .

========================================================================
Received Import Request.
  Time since last request: 0.931038 seconds.
  path: Assets/StreamingAssets/Data/TileTypes.xml
  artifactKey: Guid(743f2b3613c0c78438e89a1092d16dd5) Importer(815301076,1909f56bfc062723c751e8b465ee728b)
Start importing Assets/StreamingAssets/Data/TileTypes.xml using Guid(743f2b3613c0c78438e89a1092d16dd5) Importer(815301076,1909f56bfc062723c751e8b465ee728b)  -> (artifact id: '6f391908b50d6ea1b81e51be23700d89') in 0.006323 seconds 
  Import took 0.011769 seconds .

========================================================================
Received Import Request.
  Time since last request: 4.975034 seconds.
  path: Assets/StreamingAssets/Sprites
  artifactKey: Guid(3ba8837248752c74db0b9ab7cb3d80b9) Importer(815301076,1909f56bfc062723c751e8b465ee728b)
Start importing Assets/StreamingAssets/Sprites using Guid(3ba8837248752c74db0b9ab7cb3d80b9) Importer(815301076,1909f56bfc062723c751e8b465ee728b)  -> (artifact id: 'b305e14e266673da033a4f76464db552') in 0.004923 seconds 
  Import took 0.010264 seconds .

========================================================================
Received Import Request.
  Time since last request: 41.345791 seconds.
  path: Assets/Scripts/Data/Localization/LocaleData.cs
  artifactKey: Guid(bae81fe7a3203f7498e03b49e066be1d) Importer(815301076,1909f56bfc062723c751e8b465ee728b)
Start importing Assets/Scripts/Data/Localization/LocaleData.cs using Guid(bae81fe7a3203f7498e03b49e066be1d) Importer(815301076,1909f56bfc062723c751e8b465ee728b)  -> (artifact id: 'e75f673fe7e554b550edf6ea5916d540') in 0.002536 seconds 
  Import took 0.007990 seconds .

========================================================================
Received Import Request.
  Time since last request: 0.000817 seconds.
  path: Assets/Scripts/Data/Localization/LocaleData.cs
  artifactKey: Guid(bae81fe7a3203f7498e03b49e066be1d) Importer(815301076,1909f56bfc062723c751e8b465ee728b)
Start importing Assets/Scripts/Data/Localization/LocaleData.cs using Guid(bae81fe7a3203f7498e03b49e066be1d) Importer(815301076,1909f56bfc062723c751e8b465ee728b)  -> (artifact id: 'e75f673fe7e554b550edf6ea5916d540') in 0.002623 seconds 
  Import took 0.007851 seconds .

========================================================================
Received Import Request.
  Time since last request: 3.223496 seconds.
  path: Assets/Scripts/Data/Localization/LocalizedText.cs
  artifactKey: Guid(9f04219c06a6b484cae6b63bd0002aa7) Importer(815301076,1909f56bfc062723c751e8b465ee728b)
Start importing Assets/Scripts/Data/Localization/LocalizedText.cs using Guid(9f04219c06a6b484cae6b63bd0002aa7) Importer(815301076,1909f56bfc062723c751e8b465ee728b)  -> (artifact id: '7895fbf8823fac2cde76bc32f906cc57') in 0.006263 seconds 
  Import took 0.011862 seconds .

========================================================================
Received Prepare
Registering precompiled user dll's ...
Registered in 0.018934 seconds.
Begin MonoManager ReloadAssembly
Native extension for WindowsStandalone target not found
Native extension for WebGL target not found
Refreshing native plugins compatible for Editor in 1.16 ms, found 4 plugins.
Preloading 0 native plugins for Editor in 0.00 ms.
Mono: successfully reloaded assembly
- Completed reload, in  1.172 seconds
Domain Reload Profiling:
	ReloadAssembly (1173ms)
		BeginReloadAssembly (134ms)
			ExecutionOrderSort (0ms)
			DisableScriptedObjects (5ms)
			BackupInstance (0ms)
			ReleaseScriptingObjects (0ms)
			CreateAndSetChildDomain (36ms)
		EndReloadAssembly (977ms)
			LoadAssemblies (125ms)
			RebuildTransferFunctionScriptingTraits (0ms)
			SetupTypeCache (324ms)
			ReleaseScriptCaches (2ms)
			RebuildScriptCaches (52ms)
			SetupLoadedEditorAssemblies (357ms)
				LogAssemblyErrors (0ms)
				InitializePlatformSupportModulesInManaged (5ms)
				SetLoadedEditorAssemblies (0ms)
				RefreshPlugins (1ms)
				BeforeProcessingInitializeOnLoad (126ms)
				ProcessInitializeOnLoadAttributes (193ms)
				ProcessInitializeOnLoadMethodAttributes (28ms)
				AfterProcessingInitializeOnLoad (3ms)
				EditorAssembliesLoaded (0ms)
			ExecutionOrderSort2 (0ms)
			AwakeInstancesAfterBackupRestoration (13ms)
Platform modules already initialized, skipping
Shader 'Universal Render Pipeline/Particles/Lit': fallback shader 'Universal Render Pipeline/Particles/SimpleLit' not found
Refreshing native plugins compatible for Editor in 1.15 ms, found 4 plugins.
Preloading 0 native plugins for Editor in 0.00 ms.
Unloading 3784 Unused Serialized files (Serialized files now loaded: 0)
System memory in use before: 158.9 MB.
System memory in use after: 159.2 MB.

Unloading 72 unused Assets to reduce memory usage. Loaded Objects now: 4449.
Total: 6.470700 ms (FindLiveObjects: 0.422000 ms CreateObjectMapping: 0.108600 ms MarkObjects: 5.897000 ms  DeleteObjects: 0.041700 ms)

AssetImportParameters requested are different than current active one (requested -> active):
  custom:framework-win-MediaFoundation: 216162199b28c13a410421893ffa2e32 -> 
  custom:video-decoder-ogg-theora: a1e56fd34408186e4bbccfd4996cb3dc -> 
  custom:container-muxer-webm: aa71ff27fc2769a1b78a27578f13a17b -> 
  custom:container-demuxer-webm: 4f35f7cbe854078d1ac9338744f61a02 -> 
  custom:container-demuxer-ogg: 62fdf1f143b41e24485cea50d1cbac27 -> 
  custom:video-encoder-webm-vp8: eb34c28f22e8b96e1ab97ce403110664 -> 
  custom:video-decoder-webm-vp8: 9c59270c3fd7afecdb556c50c9e8de78 -> 
  custom:audio-decoder-ogg-vorbis: bf7c407c2cedff20999df2af8eb42d56 -> 
  custom:audio-encoder-webm-vorbis: bf7c407c2cedff20999df2af8eb42d56 -> 
========================================================================
Received Import Request.
  Time since last request: 103.966133 seconds.
  path: Assets/Scenes/SampleScene.unity
  artifactKey: Guid(2cda990e2423bbf4892e6590ba056729) Importer(815301076,1909f56bfc062723c751e8b465ee728b)
Start importing Assets/Scenes/SampleScene.unity using Guid(2cda990e2423bbf4892e6590ba056729) Importer(815301076,1909f56bfc062723c751e8b465ee728b)  -> (artifact id: 'ddc2fddc713e0e0b28d200e4939bd9a2') in 0.019611 seconds 
  Import took 0.025292 seconds .

========================================================================
Received Import Request.
  Time since last request: 0.767656 seconds.
  path: Assets/Resources
  artifactKey: Guid(c75b23c6444bc64478053c6a804d6ac3) Importer(815301076,1909f56bfc062723c751e8b465ee728b)
Start importing Assets/Resources using Guid(c75b23c6444bc64478053c6a804d6ac3) Importer(815301076,1909f56bfc062723c751e8b465ee728b)  -> (artifact id: 'aba5bbc907d47d1d05eaa97d89d77ce7') in 0.005147 seconds 
  Import took 0.010496 seconds .

========================================================================
Received Import Request.
  Time since last request: 3.159534 seconds.
  path: Assets/Resources/BillingMode.json
  artifactKey: Guid(c24630359665ccd40b5e249c4dcd2de8) Importer(815301076,1909f56bfc062723c751e8b465ee728b)
Start importing Assets/Resources/BillingMode.json using Guid(c24630359665ccd40b5e249c4dcd2de8) Importer(815301076,1909f56bfc062723c751e8b465ee728b)  -> (artifact id: '55f5a29e05591ec2a96fd91536d54237') in 0.008241 seconds 
  Import took 0.013872 seconds .

========================================================================
Received Prepare
Registering precompiled user dll's ...
Registered in 0.019711 seconds.
Begin MonoManager ReloadAssembly
Native extension for WindowsStandalone target not found
Native extension for WebGL target not found
Refreshing native plugins compatible for Editor in 1.08 ms, found 4 plugins.
Preloading 0 native plugins for Editor in 0.00 ms.
Mono: successfully reloaded assembly
- Completed reload, in  1.109 seconds
Domain Reload Profiling:
	ReloadAssembly (1109ms)
		BeginReloadAssembly (114ms)
			ExecutionOrderSort (0ms)
			DisableScriptedObjects (5ms)
			BackupInstance (0ms)
			ReleaseScriptingObjects (0ms)
			CreateAndSetChildDomain (31ms)
		EndReloadAssembly (937ms)
			LoadAssemblies (115ms)
			RebuildTransferFunctionScriptingTraits (0ms)
			SetupTypeCache (306ms)
			ReleaseScriptCaches (2ms)
			RebuildScriptCaches (49ms)
			SetupLoadedEditorAssemblies (349ms)
				LogAssemblyErrors (0ms)
				InitializePlatformSupportModulesInManaged (5ms)
				SetLoadedEditorAssemblies (0ms)
				RefreshPlugins (1ms)
				BeforeProcessingInitializeOnLoad (121ms)
				ProcessInitializeOnLoadAttributes (190ms)
				ProcessInitializeOnLoadMethodAttributes (28ms)
				AfterProcessingInitializeOnLoad (3ms)
				EditorAssembliesLoaded (0ms)
			ExecutionOrderSort2 (0ms)
			AwakeInstancesAfterBackupRestoration (13ms)
Platform modules already initialized, skipping
Shader 'Universal Render Pipeline/Particles/Lit': fallback shader 'Universal Render Pipeline/Particles/SimpleLit' not found
Refreshing native plugins compatible for Editor in 1.16 ms, found 4 plugins.
Preloading 0 native plugins for Editor in 0.00 ms.
Unloading 3784 Unused Serialized files (Serialized files now loaded: 0)
System memory in use before: 159.0 MB.
System memory in use after: 159.2 MB.

Unloading 72 unused Assets to reduce memory usage. Loaded Objects now: 4451.
Total: 6.515000 ms (FindLiveObjects: 0.404300 ms CreateObjectMapping: 0.103900 ms MarkObjects: 5.961900 ms  DeleteObjects: 0.038400 ms)

AssetImportParameters requested are different than current active one (requested -> active):
  custom:framework-win-MediaFoundation: 216162199b28c13a410421893ffa2e32 -> 
  custom:video-decoder-ogg-theora: a1e56fd34408186e4bbccfd4996cb3dc -> 
  custom:container-muxer-webm: aa71ff27fc2769a1b78a27578f13a17b -> 
  custom:container-demuxer-webm: 4f35f7cbe854078d1ac9338744f61a02 -> 
  custom:container-demuxer-ogg: 62fdf1f143b41e24485cea50d1cbac27 -> 
  custom:video-encoder-webm-vp8: eb34c28f22e8b96e1ab97ce403110664 -> 
  custom:video-decoder-webm-vp8: 9c59270c3fd7afecdb556c50c9e8de78 -> 
  custom:audio-decoder-ogg-vorbis: bf7c407c2cedff20999df2af8eb42d56 -> 
  custom:audio-encoder-webm-vorbis: bf7c407c2cedff20999df2af8eb42d56 -> 
========================================================================
Received Prepare
Registering precompiled user dll's ...
Registered in 0.018496 seconds.
Begin MonoManager ReloadAssembly
Native extension for WindowsStandalone target not found
Native extension for WebGL target not found
Refreshing native plugins compatible for Editor in 1.10 ms, found 4 plugins.
Preloading 0 native plugins for Editor in 0.00 ms.
Mono: successfully reloaded assembly
- Completed reload, in  1.120 seconds
Domain Reload Profiling:
	ReloadAssembly (1121ms)
		BeginReloadAssembly (119ms)
			ExecutionOrderSort (0ms)
			DisableScriptedObjects (5ms)
			BackupInstance (0ms)
			ReleaseScriptingObjects (0ms)
			CreateAndSetChildDomain (33ms)
		EndReloadAssembly (942ms)
			LoadAssemblies (118ms)
			RebuildTransferFunctionScriptingTraits (0ms)
			SetupTypeCache (310ms)
			ReleaseScriptCaches (2ms)
			RebuildScriptCaches (49ms)
			SetupLoadedEditorAssemblies (348ms)
				LogAssemblyErrors (0ms)
				InitializePlatformSupportModulesInManaged (5ms)
				SetLoadedEditorAssemblies (0ms)
				RefreshPlugins (1ms)
				BeforeProcessingInitializeOnLoad (123ms)
				ProcessInitializeOnLoadAttributes (188ms)
				ProcessInitializeOnLoadMethodAttributes (27ms)
				AfterProcessingInitializeOnLoad (3ms)
				EditorAssembliesLoaded (0ms)
			ExecutionOrderSort2 (0ms)
			AwakeInstancesAfterBackupRestoration (13ms)
Platform modules already initialized, skipping
Shader 'Universal Render Pipeline/Particles/Lit': fallback shader 'Universal Render Pipeline/Particles/SimpleLit' not found
Refreshing native plugins compatible for Editor in 1.10 ms, found 4 plugins.
Preloading 0 native plugins for Editor in 0.00 ms.
Unloading 3784 Unused Serialized files (Serialized files now loaded: 0)
System memory in use before: 159.0 MB.
System memory in use after: 159.2 MB.

Unloading 72 unused Assets to reduce memory usage. Loaded Objects now: 4453.
Total: 6.076200 ms (FindLiveObjects: 0.349400 ms CreateObjectMapping: 0.108800 ms MarkObjects: 5.585400 ms  DeleteObjects: 0.031500 ms)

AssetImportParameters requested are different than current active one (requested -> active):
  custom:framework-win-MediaFoundation: 216162199b28c13a410421893ffa2e32 -> 
  custom:video-decoder-ogg-theora: a1e56fd34408186e4bbccfd4996cb3dc -> 
  custom:container-muxer-webm: aa71ff27fc2769a1b78a27578f13a17b -> 
  custom:container-demuxer-webm: 4f35f7cbe854078d1ac9338744f61a02 -> 
  custom:container-demuxer-ogg: 62fdf1f143b41e24485cea50d1cbac27 -> 
  custom:video-encoder-webm-vp8: eb34c28f22e8b96e1ab97ce403110664 -> 
  custom:video-decoder-webm-vp8: 9c59270c3fd7afecdb556c50c9e8de78 -> 
  custom:audio-decoder-ogg-vorbis: bf7c407c2cedff20999df2af8eb42d56 -> 
  custom:audio-encoder-webm-vorbis: bf7c407c2cedff20999df2af8eb42d56 -> 
========================================================================
Received Prepare
Registering precompiled user dll's ...
Registered in 0.019579 seconds.
Begin MonoManager ReloadAssembly
Native extension for WindowsStandalone target not found
Native extension for WebGL target not found
Refreshing native plugins compatible for Editor in 1.25 ms, found 4 plugins.
Preloading 0 native plugins for Editor in 0.00 ms.
Mono: successfully reloaded assembly
- Completed reload, in  1.169 seconds
Domain Reload Profiling:
	ReloadAssembly (1170ms)
		BeginReloadAssembly (120ms)
			ExecutionOrderSort (0ms)
			DisableScriptedObjects (5ms)
			BackupInstance (0ms)
			ReleaseScriptingObjects (0ms)
			CreateAndSetChildDomain (34ms)
		EndReloadAssembly (991ms)
			LoadAssemblies (121ms)
			RebuildTransferFunctionScriptingTraits (0ms)
			SetupTypeCache (332ms)
			ReleaseScriptCaches (2ms)
			RebuildScriptCaches (54ms)
			SetupLoadedEditorAssemblies (361ms)
				LogAssemblyErrors (0ms)
				InitializePlatformSupportModulesInManaged (5ms)
				SetLoadedEditorAssemblies (0ms)
				RefreshPlugins (1ms)
				BeforeProcessingInitializeOnLoad (134ms)
				ProcessInitializeOnLoadAttributes (190ms)
				ProcessInitializeOnLoadMethodAttributes (27ms)
				AfterProcessingInitializeOnLoad (3ms)
				EditorAssembliesLoaded (0ms)
			ExecutionOrderSort2 (0ms)
			AwakeInstancesAfterBackupRestoration (12ms)
Platform modules already initialized, skipping
Shader 'Universal Render Pipeline/Particles/Lit': fallback shader 'Universal Render Pipeline/Particles/SimpleLit' not found
Refreshing native plugins compatible for Editor in 1.14 ms, found 4 plugins.
Preloading 0 native plugins for Editor in 0.00 ms.
Unloading 3784 Unused Serialized files (Serialized files now loaded: 0)
System memory in use before: 159.0 MB.
System memory in use after: 159.2 MB.

Unloading 72 unused Assets to reduce memory usage. Loaded Objects now: 4455.
Total: 6.240200 ms (FindLiveObjects: 0.371900 ms CreateObjectMapping: 0.106400 ms MarkObjects: 5.724100 ms  DeleteObjects: 0.036600 ms)

AssetImportParameters requested are different than current active one (requested -> active):
  custom:framework-win-MediaFoundation: 216162199b28c13a410421893ffa2e32 -> 
  custom:video-decoder-ogg-theora: a1e56fd34408186e4bbccfd4996cb3dc -> 
  custom:container-muxer-webm: aa71ff27fc2769a1b78a27578f13a17b -> 
  custom:container-demuxer-webm: 4f35f7cbe854078d1ac9338744f61a02 -> 
  custom:container-demuxer-ogg: 62fdf1f143b41e24485cea50d1cbac27 -> 
  custom:video-encoder-webm-vp8: eb34c28f22e8b96e1ab97ce403110664 -> 
  custom:video-decoder-webm-vp8: 9c59270c3fd7afecdb556c50c9e8de78 -> 
  custom:audio-decoder-ogg-vorbis: bf7c407c2cedff20999df2af8eb42d56 -> 
  custom:audio-encoder-webm-vorbis: bf7c407c2cedff20999df2af8eb42d56 -> 
